<?xml version="1.0" encoding="UTF-8"?>
<testng-results ignored="0" total="5" passed="5" failed="0" skipped="0">
  <reporter-output>
  </reporter-output>
  <suite started-at="2020-08-07T00:09:11 IST" name="Surefire suite" finished-at="2020-08-07T00:09:11 IST" duration-ms="41">
    <groups>
    </groups>
    <test started-at="2020-08-07T00:09:11 IST" name="Surefire test" finished-at="2020-08-07T00:09:11 IST" duration-ms="41">
      <class name="qaclickacademy.AppiumTest">
        <test-method signature="IOSApps()[pri:0, instance:qaclickacademy.AppiumTest@6328d34a]" started-at="2020-08-07T00:09:11 IST" name="IOSApps" finished-at="2020-08-07T00:09:11 IST" duration-ms="4" status="PASS">
          <reporter-output>
          </reporter-output>
        </test-method> <!-- IOSApps -->
        <test-method signature="NativeAppAndroid()[pri:0, instance:qaclickacademy.AppiumTest@6328d34a]" started-at="2020-08-07T00:09:11 IST" name="NativeAppAndroid" finished-at="2020-08-07T00:09:11 IST" duration-ms="1" status="PASS">
          <reporter-output>
          </reporter-output>
        </test-method> <!-- NativeAppAndroid -->
      </class> <!-- qaclickacademy.AppiumTest -->
      <class name="qaclickacademy.RESTAPITest">
        <test-method signature="postJira()[pri:0, instance:qaclickacademy.RESTAPITest@145eaa29]" started-at="2020-08-07T00:09:11 IST" name="postJira" finished-at="2020-08-07T00:09:11 IST" duration-ms="0" status="PASS">
          <reporter-output>
          </reporter-output>
        </test-method> <!-- postJira -->
      </class> <!-- qaclickacademy.RESTAPITest -->
      <class name="qaclickacademy.SeleniumTest">
        <test-method signature="BrowserAutomation()[pri:0, instance:qaclickacademy.SeleniumTest@15bb6bea]" started-at="2020-08-07T00:09:11 IST" name="BrowserAutomation" finished-at="2020-08-07T00:09:11 IST" duration-ms="1" status="PASS">
          <reporter-output>
          </reporter-output>
        </test-method> <!-- BrowserAutomation -->
        <test-method signature="elementsUI()[pri:0, instance:qaclickacademy.SeleniumTest@15bb6bea]" started-at="2020-08-07T00:09:11 IST" name="elementsUI" finished-at="2020-08-07T00:09:11 IST" duration-ms="1" status="PASS">
          <reporter-output>
          </reporter-output>
        </test-method> <!-- elementsUI -->
      </class> <!-- qaclickacademy.SeleniumTest -->
    </test> <!-- Surefire test -->
  </suite> <!-- Surefire suite -->
</testng-results>
